{"level":"info","message":"Listening on port 3000"}
{"level":"info","message":"Listening on port 3000"}
{"level":"info","message":"Listening on port 3000"}
{"level":"info","message":"Listening on port 3000"}
{"level":"info","message":"Listening on port 3000"}
{"level":"info","message":"Starting a mysql pool with 17 connections.","target":"quaint::pooled","timestamp":"2024-10-19T07:51:39.714Z"}
{"level":"info","message":{"duration":2,"params":"[\"Harry Potter and the Sorcerer's Stone\",1,0]","query":"SELECT `mybookdb`.`book`.`id`, `mybookdb`.`book`.`title`, `mybookdb`.`book`.`author_id`, `mybookdb`.`book`.`published_year`, `mybookdb`.`book`.`stock`, `mybookdb`.`book`.`createdAt` FROM `mybookdb`.`book` WHERE `mybookdb`.`book`.`title` = ? LIMIT ? OFFSET ?","target":"quaint::connector::metrics","timestamp":"2024-10-19T07:51:39.733Z"}}
{"level":"info","message":{"duration":3,"params":"[\"J.K. Rowling\",1,0]","query":"SELECT `mybookdb`.`author`.`id`, `mybookdb`.`author`.`name` FROM `mybookdb`.`author` WHERE `mybookdb`.`author`.`name` = ? LIMIT ? OFFSET ?","target":"quaint::connector::metrics","timestamp":"2024-10-19T07:51:39.738Z"}}
{"level":"info","message":{"duration":0,"params":"[]","query":"BEGIN","target":"quaint::connector::metrics","timestamp":"2024-10-19T07:51:39.741Z"}}
{"level":"info","message":{"duration":0,"params":"[\"d4c22e66-b5cb-4a62-a75a-54f7e65182b9\",\"J.K. Rowling\"]","query":"INSERT INTO `mybookdb`.`author` (`id`,`name`) VALUES (?,?)","target":"quaint::connector::metrics","timestamp":"2024-10-19T07:51:39.742Z"}}
{"level":"info","message":{"duration":0,"params":"[\"d4c22e66-b5cb-4a62-a75a-54f7e65182b9\",1,0]","query":"SELECT `mybookdb`.`author`.`id`, `mybookdb`.`author`.`name` FROM `mybookdb`.`author` WHERE `mybookdb`.`author`.`id` = ? LIMIT ? OFFSET ?","target":"quaint::connector::metrics","timestamp":"2024-10-19T07:51:39.743Z"}}
{"level":"info","message":{"duration":2,"params":"[]","query":"COMMIT","target":"quaint::connector::metrics","timestamp":"2024-10-19T07:51:39.745Z"}}
{"level":"info","message":{"duration":0,"params":"[\"Fantasy\",1,0]","query":"SELECT `mybookdb`.`genre`.`id`, `mybookdb`.`genre`.`name` FROM `mybookdb`.`genre` WHERE `mybookdb`.`genre`.`name` = ? LIMIT ? OFFSET ?","target":"quaint::connector::metrics","timestamp":"2024-10-19T07:51:39.747Z"}}
{"level":"info","message":{"duration":0,"params":"[]","query":"BEGIN","target":"quaint::connector::metrics","timestamp":"2024-10-19T07:51:39.749Z"}}
{"level":"info","message":{"duration":0,"params":"[\"f2564d81-cc4b-438b-8b0d-72532f6d885a\",\"Harry Potter and the Sorcerer's Stone\",\"d4c22e66-b5cb-4a62-a75a-54f7e65182b9\",1997,\"2024-10-19 07:51:39.749 UTC\"]","query":"INSERT INTO `mybookdb`.`book` (`id`,`title`,`author_id`,`published_year`,`createdAt`) VALUES (?,?,?,?,?)","target":"quaint::connector::metrics","timestamp":"2024-10-19T07:51:39.750Z"}}
{"level":"info","message":{"duration":0,"params":"[\"f2564d81-cc4b-438b-8b0d-72532f6d885a\",1,0]","query":"SELECT `mybookdb`.`book`.`id`, `mybookdb`.`book`.`title`, `mybookdb`.`book`.`author_id`, `mybookdb`.`book`.`published_year`, `mybookdb`.`book`.`stock`, `mybookdb`.`book`.`createdAt` FROM `mybookdb`.`book` WHERE `mybookdb`.`book`.`id` = ? LIMIT ? OFFSET ?","target":"quaint::connector::metrics","timestamp":"2024-10-19T07:51:39.750Z"}}
{"level":"info","message":{"duration":3,"params":"[]","query":"COMMIT","target":"quaint::connector::metrics","timestamp":"2024-10-19T07:51:39.754Z"}}
{"level":"info","message":{"duration":0,"params":"[]","query":"BEGIN","target":"quaint::connector::metrics","timestamp":"2024-10-19T07:51:39.755Z"}}
{"level":"info","message":{"duration":2,"params":"[\"f2564d81-cc4b-438b-8b0d-72532f6d885a\",\"Fantasy\",\"f2564d81-cc4b-438b-8b0d-72532f6d885a\",\"ea654367-8dee-11ef-b621-0242ac150002\"]","query":"INSERT INTO `mybookdb`.`book_genre` (`book_id`,`genre_id`) VALUES (?,?), (?,?)","target":"quaint::connector::metrics","timestamp":"2024-10-19T07:51:39.758Z"}}
{"level":"info","message":{"duration":0,"params":"[]","query":"ROLLBACK","target":"quaint::connector::metrics","timestamp":"2024-10-19T07:51:39.759Z"}}
{"level":"error","message":"\nInvalid `database_1.prismaClient.book_genre.createMany()` invocation in\n/Users/rizkiwahyudi/Documents/Test/ts/minpro/ts-book-service/dist/service/book.service.js:68:54\n\n  65         stock: bookCreateInput.stock,\n  66     }\n  67 });\n→ 68 yield database_1.prismaClient.book_genre.createMany(\nForeign key constraint violated: `genre_id`","target":"book_genre.createMany","timestamp":"2024-10-19T07:51:39.763Z"}
{"level":"info","message":"Listening on port 3000"}
{"level":"info","message":"Starting a mysql pool with 17 connections.","target":"quaint::pooled","timestamp":"2024-10-19T07:57:26.833Z"}
{"level":"info","message":{"duration":2,"params":"[\"Harry Potter and the Sorcerer's Stone\",1,0]","query":"SELECT `mybookdb`.`book`.`id`, `mybookdb`.`book`.`title`, `mybookdb`.`book`.`author_id`, `mybookdb`.`book`.`published_year`, `mybookdb`.`book`.`stock`, `mybookdb`.`book`.`createdAt` FROM `mybookdb`.`book` WHERE `mybookdb`.`book`.`title` = ? LIMIT ? OFFSET ?","target":"quaint::connector::metrics","timestamp":"2024-10-19T07:57:26.856Z"}}
{"level":"info","message":{"duration":3,"params":"[]","query":"SELECT 1","target":"quaint::connector::metrics","timestamp":"2024-10-19T07:58:36.643Z"}}
{"level":"info","message":{"duration":2,"params":"[\"Harry Potter and the Sorcerer's Stone\",1,0]","query":"SELECT `mybookdb`.`book`.`id`, `mybookdb`.`book`.`title`, `mybookdb`.`book`.`author_id`, `mybookdb`.`book`.`published_year`, `mybookdb`.`book`.`stock`, `mybookdb`.`book`.`createdAt` FROM `mybookdb`.`book` WHERE `mybookdb`.`book`.`title` = ? LIMIT ? OFFSET ?","target":"quaint::connector::metrics","timestamp":"2024-10-19T07:58:36.646Z"}}
{"level":"info","message":{"duration":3,"params":"[\"J.K. Rowling\",1,0]","query":"SELECT `mybookdb`.`author`.`id`, `mybookdb`.`author`.`name` FROM `mybookdb`.`author` WHERE `mybookdb`.`author`.`name` = ? LIMIT ? OFFSET ?","target":"quaint::connector::metrics","timestamp":"2024-10-19T07:58:36.652Z"}}
{"level":"info","message":{"duration":0,"params":"[]","query":"BEGIN","target":"quaint::connector::metrics","timestamp":"2024-10-19T07:58:36.654Z"}}
{"level":"info","message":{"duration":2,"params":"[\"60082b2e-ca32-4c44-88a9-5393b807c0b8\",\"J.K. Rowling\"]","query":"INSERT INTO `mybookdb`.`author` (`id`,`name`) VALUES (?,?)","target":"quaint::connector::metrics","timestamp":"2024-10-19T07:58:36.656Z"}}
{"level":"info","message":{"duration":1,"params":"[\"60082b2e-ca32-4c44-88a9-5393b807c0b8\",1,0]","query":"SELECT `mybookdb`.`author`.`id`, `mybookdb`.`author`.`name` FROM `mybookdb`.`author` WHERE `mybookdb`.`author`.`id` = ? LIMIT ? OFFSET ?","target":"quaint::connector::metrics","timestamp":"2024-10-19T07:58:36.657Z"}}
{"level":"info","message":{"duration":2,"params":"[]","query":"COMMIT","target":"quaint::connector::metrics","timestamp":"2024-10-19T07:58:36.660Z"}}
{"level":"info","message":"Listening on port 3000"}
{"level":"info","message":"Starting a mysql pool with 17 connections.","target":"quaint::pooled","timestamp":"2024-10-19T08:00:32.974Z"}
{"level":"info","message":{"duration":3,"params":"[\"Harry Potter and the Sorcerer's Stone\",1,0]","query":"SELECT `mybookdb`.`book`.`id`, `mybookdb`.`book`.`title`, `mybookdb`.`book`.`author_id`, `mybookdb`.`book`.`published_year`, `mybookdb`.`book`.`stock`, `mybookdb`.`book`.`createdAt` FROM `mybookdb`.`book` WHERE `mybookdb`.`book`.`title` = ? LIMIT ? OFFSET ?","target":"quaint::connector::metrics","timestamp":"2024-10-19T08:00:32.996Z"}}
{"level":"info","message":{"duration":2,"params":"[\"J.K. Rowling\",1,0]","query":"SELECT `mybookdb`.`author`.`id`, `mybookdb`.`author`.`name` FROM `mybookdb`.`author` WHERE `mybookdb`.`author`.`name` = ? LIMIT ? OFFSET ?","target":"quaint::connector::metrics","timestamp":"2024-10-19T08:00:33.001Z"}}
{"level":"info","message":{"duration":1,"params":"[\"Fantasy\",1,0]","query":"SELECT `mybookdb`.`genre`.`id`, `mybookdb`.`genre`.`name` FROM `mybookdb`.`genre` WHERE `mybookdb`.`genre`.`name` = ? LIMIT ? OFFSET ?","target":"quaint::connector::metrics","timestamp":"2024-10-19T08:00:33.003Z"}}
{"level":"info","message":{"duration":0,"params":"[]","query":"BEGIN","target":"quaint::connector::metrics","timestamp":"2024-10-19T08:00:33.005Z"}}
{"level":"info","message":{"duration":1,"params":"[\"5de8536a-1d39-4ae4-b4eb-bb074d3a941e\",\"Fantasy\"]","query":"INSERT INTO `mybookdb`.`genre` (`id`,`name`) VALUES (?,?)","target":"quaint::connector::metrics","timestamp":"2024-10-19T08:00:33.006Z"}}
{"level":"info","message":{"duration":0,"params":"[\"5de8536a-1d39-4ae4-b4eb-bb074d3a941e\",1,0]","query":"SELECT `mybookdb`.`genre`.`id`, `mybookdb`.`genre`.`name` FROM `mybookdb`.`genre` WHERE `mybookdb`.`genre`.`id` = ? LIMIT ? OFFSET ?","target":"quaint::connector::metrics","timestamp":"2024-10-19T08:00:33.008Z"}}
{"level":"info","message":{"duration":2,"params":"[]","query":"COMMIT","target":"quaint::connector::metrics","timestamp":"2024-10-19T08:00:33.010Z"}}
{"level":"info","message":"Listening on port 3000"}
{"level":"info","message":"Starting a mysql pool with 17 connections.","target":"quaint::pooled","timestamp":"2024-10-19T08:04:43.777Z"}
{"level":"info","message":{"duration":6,"params":"[\"Harry Potter and the Sorcerer's Stone\",1,0]","query":"SELECT `mybookdb`.`book`.`id`, `mybookdb`.`book`.`title`, `mybookdb`.`book`.`author_id`, `mybookdb`.`book`.`published_year`, `mybookdb`.`book`.`stock`, `mybookdb`.`book`.`createdAt` FROM `mybookdb`.`book` WHERE `mybookdb`.`book`.`title` = ? LIMIT ? OFFSET ?","target":"quaint::connector::metrics","timestamp":"2024-10-19T08:04:43.804Z"}}
{"level":"info","message":{"duration":1,"params":"[\"J.K. Rowling\",1,0]","query":"SELECT `mybookdb`.`author`.`id`, `mybookdb`.`author`.`name` FROM `mybookdb`.`author` WHERE `mybookdb`.`author`.`name` = ? LIMIT ? OFFSET ?","target":"quaint::connector::metrics","timestamp":"2024-10-19T08:04:43.807Z"}}
{"level":"info","message":{"duration":0,"params":"[\"Fantasy\",1,0]","query":"SELECT `mybookdb`.`genre`.`id`, `mybookdb`.`genre`.`name` FROM `mybookdb`.`genre` WHERE `mybookdb`.`genre`.`name` = ? LIMIT ? OFFSET ?","target":"quaint::connector::metrics","timestamp":"2024-10-19T08:04:43.808Z"}}
{"level":"info","message":{"duration":0,"params":"[]","query":"BEGIN","target":"quaint::connector::metrics","timestamp":"2024-10-19T08:04:43.810Z"}}
{"level":"info","message":{"duration":1,"params":"[\"869d734f-10e9-4c36-a366-08170aafb717\",\"Harry Potter and the Sorcerer's Stone\",\"60082b2e-ca32-4c44-88a9-5393b807c0b8\",1997,\"2024-10-19 08:04:43.809 UTC\"]","query":"INSERT INTO `mybookdb`.`book` (`id`,`title`,`author_id`,`published_year`,`createdAt`) VALUES (?,?,?,?,?)","target":"quaint::connector::metrics","timestamp":"2024-10-19T08:04:43.811Z"}}
{"level":"info","message":{"duration":0,"params":"[\"869d734f-10e9-4c36-a366-08170aafb717\",1,0]","query":"SELECT `mybookdb`.`book`.`id`, `mybookdb`.`book`.`title`, `mybookdb`.`book`.`author_id`, `mybookdb`.`book`.`published_year`, `mybookdb`.`book`.`stock`, `mybookdb`.`book`.`createdAt` FROM `mybookdb`.`book` WHERE `mybookdb`.`book`.`id` = ? LIMIT ? OFFSET ?","target":"quaint::connector::metrics","timestamp":"2024-10-19T08:04:43.812Z"}}
{"level":"info","message":{"duration":3,"params":"[]","query":"COMMIT","target":"quaint::connector::metrics","timestamp":"2024-10-19T08:04:43.816Z"}}
{"level":"info","message":{"duration":0,"params":"[]","query":"BEGIN","target":"quaint::connector::metrics","timestamp":"2024-10-19T08:04:43.818Z"}}
{"level":"info","message":{"duration":1,"params":"[\"869d734f-10e9-4c36-a366-08170aafb717\",\"Fantasy\"]","query":"INSERT INTO `mybookdb`.`book_genre` (`book_id`,`genre_id`) VALUES (?,?)","target":"quaint::connector::metrics","timestamp":"2024-10-19T08:04:43.820Z"}}
{"level":"info","message":{"duration":0,"params":"[]","query":"ROLLBACK","target":"quaint::connector::metrics","timestamp":"2024-10-19T08:04:43.821Z"}}
{"level":"error","message":"\nInvalid `database_1.prismaClient.book_genre.createMany()` invocation in\n/Users/rizkiwahyudi/Documents/Test/ts/minpro/ts-book-service/dist/service/book.service.js:76:54\n\n  73         stock: bookCreateInput.stock,\n  74     }\n  75 });\n→ 76 yield database_1.prismaClient.book_genre.createMany(\nForeign key constraint violated: `genre_id`","target":"book_genre.createMany","timestamp":"2024-10-19T08:04:43.824Z"}
{"level":"info","message":"Listening on port 3000"}
{"level":"info","message":"Starting a mysql pool with 17 connections.","target":"quaint::pooled","timestamp":"2024-10-19T08:10:26.268Z"}
{"level":"info","message":{"duration":6,"params":"[\"Harry Potter and the Sorcerer's Stone\",1,0]","query":"SELECT `mybookdb`.`book`.`id`, `mybookdb`.`book`.`title`, `mybookdb`.`book`.`author_id`, `mybookdb`.`book`.`published_year`, `mybookdb`.`book`.`stock`, `mybookdb`.`book`.`createdAt` FROM `mybookdb`.`book` WHERE `mybookdb`.`book`.`title` = ? LIMIT ? OFFSET ?","target":"quaint::connector::metrics","timestamp":"2024-10-19T08:10:26.300Z"}}
{"level":"info","message":{"duration":1,"params":"[]","query":"SELECT 1","target":"quaint::connector::metrics","timestamp":"2024-10-19T08:10:45.468Z"}}
{"level":"info","message":{"duration":1,"params":"[\"Harry Potter and the Sorcerer's Stone\",1,0]","query":"SELECT `mybookdb`.`book`.`id`, `mybookdb`.`book`.`title`, `mybookdb`.`book`.`author_id`, `mybookdb`.`book`.`published_year`, `mybookdb`.`book`.`stock`, `mybookdb`.`book`.`createdAt` FROM `mybookdb`.`book` WHERE `mybookdb`.`book`.`title` = ? LIMIT ? OFFSET ?","target":"quaint::connector::metrics","timestamp":"2024-10-19T08:10:45.470Z"}}
{"level":"info","message":{"duration":2,"params":"[\"J.K. Rowling\",1,0]","query":"SELECT `mybookdb`.`author`.`id`, `mybookdb`.`author`.`name` FROM `mybookdb`.`author` WHERE `mybookdb`.`author`.`name` = ? LIMIT ? OFFSET ?","target":"quaint::connector::metrics","timestamp":"2024-10-19T08:10:45.474Z"}}
{"level":"info","message":{"duration":1,"params":"[\"Fantasy\",1,0]","query":"SELECT `mybookdb`.`genre`.`id`, `mybookdb`.`genre`.`name` FROM `mybookdb`.`genre` WHERE `mybookdb`.`genre`.`name` = ? LIMIT ? OFFSET ?","target":"quaint::connector::metrics","timestamp":"2024-10-19T08:10:45.478Z"}}
{"level":"info","message":{"duration":0,"params":"[]","query":"BEGIN","target":"quaint::connector::metrics","timestamp":"2024-10-19T08:10:45.481Z"}}
{"level":"info","message":{"duration":1,"params":"[\"1ef1234b-e638-4d59-aa19-d243a93c4363\",\"Harry Potter and the Sorcerer's Stone\",\"60082b2e-ca32-4c44-88a9-5393b807c0b8\",1997,\"2024-10-19 08:10:45.480 UTC\"]","query":"INSERT INTO `mybookdb`.`book` (`id`,`title`,`author_id`,`published_year`,`createdAt`) VALUES (?,?,?,?,?)","target":"quaint::connector::metrics","timestamp":"2024-10-19T08:10:45.484Z"}}
{"level":"info","message":{"duration":1,"params":"[\"1ef1234b-e638-4d59-aa19-d243a93c4363\",1,0]","query":"SELECT `mybookdb`.`book`.`id`, `mybookdb`.`book`.`title`, `mybookdb`.`book`.`author_id`, `mybookdb`.`book`.`published_year`, `mybookdb`.`book`.`stock`, `mybookdb`.`book`.`createdAt` FROM `mybookdb`.`book` WHERE `mybookdb`.`book`.`id` = ? LIMIT ? OFFSET ?","target":"quaint::connector::metrics","timestamp":"2024-10-19T08:10:45.486Z"}}
{"level":"info","message":{"duration":2,"params":"[]","query":"COMMIT","target":"quaint::connector::metrics","timestamp":"2024-10-19T08:10:45.489Z"}}
{"level":"info","message":{"duration":0,"params":"[]","query":"BEGIN","target":"quaint::connector::metrics","timestamp":"2024-10-19T08:10:45.490Z"}}
{"level":"info","message":{"duration":2,"params":"[\"5de8536a-1d39-4ae4-b4eb-bb074d3a941e\",\"1ef1234b-e638-4d59-aa19-d243a93c4363\"]","query":"INSERT INTO `mybookdb`.`book_genre` (`genre_id`,`book_id`) VALUES (?,?)","target":"quaint::connector::metrics","timestamp":"2024-10-19T08:10:45.493Z"}}
{"level":"info","message":{"duration":2,"params":"[]","query":"COMMIT","target":"quaint::connector::metrics","timestamp":"2024-10-19T08:10:45.495Z"}}
{"level":"info","message":"Listening on port 3000"}
{"level":"info","message":"Starting a mysql pool with 17 connections.","target":"quaint::pooled","timestamp":"2024-10-19T08:13:20.227Z"}
{"level":"info","message":{"duration":5,"params":"[\"Harry Potter and the Sorcerer's Stone\",1,0]","query":"SELECT `mybookdb`.`book`.`id`, `mybookdb`.`book`.`title`, `mybookdb`.`book`.`author_id`, `mybookdb`.`book`.`published_year`, `mybookdb`.`book`.`stock`, `mybookdb`.`book`.`createdAt` FROM `mybookdb`.`book` WHERE `mybookdb`.`book`.`title` = ? LIMIT ? OFFSET ?","target":"quaint::connector::metrics","timestamp":"2024-10-19T08:13:20.254Z"}}
{"level":"info","message":"Listening on port 3000"}
{"level":"info","message":"Listening on port 3000"}
{"level":"info","message":"Starting a mysql pool with 17 connections.","target":"quaint::pooled","timestamp":"2024-10-19T08:25:46.576Z"}
{"level":"info","message":{"duration":2,"params":"[\"Harry Potter and the Sorcerer's Stone\",1,0]","query":"SELECT `mybookdb`.`book`.`id`, `mybookdb`.`book`.`title`, `mybookdb`.`book`.`author_id`, `mybookdb`.`book`.`published_year`, `mybookdb`.`book`.`stock`, `mybookdb`.`book`.`createdAt` FROM `mybookdb`.`book` WHERE `mybookdb`.`book`.`title` = ? LIMIT ? OFFSET ?","target":"quaint::connector::metrics","timestamp":"2024-10-19T08:25:46.594Z"}}
{"level":"info","message":{"duration":3,"params":"[\"J.K. Rowling\",1,0]","query":"SELECT `mybookdb`.`author`.`id`, `mybookdb`.`author`.`name` FROM `mybookdb`.`author` WHERE `mybookdb`.`author`.`name` = ? LIMIT ? OFFSET ?","target":"quaint::connector::metrics","timestamp":"2024-10-19T08:25:46.598Z"}}
{"level":"info","message":{"duration":0,"params":"[]","query":"BEGIN","target":"quaint::connector::metrics","timestamp":"2024-10-19T08:25:46.600Z"}}
{"level":"info","message":{"duration":1,"params":"[\"7c68c482-939a-494b-91bf-1e05aa0fb7f4\",\"J.K. Rowling\"]","query":"INSERT INTO `mybookdb`.`author` (`id`,`name`) VALUES (?,?)","target":"quaint::connector::metrics","timestamp":"2024-10-19T08:25:46.602Z"}}
{"level":"info","message":{"duration":2,"params":"[\"7c68c482-939a-494b-91bf-1e05aa0fb7f4\",1,0]","query":"SELECT `mybookdb`.`author`.`id`, `mybookdb`.`author`.`name` FROM `mybookdb`.`author` WHERE `mybookdb`.`author`.`id` = ? LIMIT ? OFFSET ?","target":"quaint::connector::metrics","timestamp":"2024-10-19T08:25:46.604Z"}}
{"level":"info","message":{"duration":2,"params":"[]","query":"COMMIT","target":"quaint::connector::metrics","timestamp":"2024-10-19T08:25:46.607Z"}}
{"level":"info","message":{"duration":2,"params":"[\"fantasy\",1,0]","query":"SELECT `mybookdb`.`genre`.`id`, `mybookdb`.`genre`.`name` FROM `mybookdb`.`genre` WHERE `mybookdb`.`genre`.`name` = ? LIMIT ? OFFSET ?","target":"quaint::connector::metrics","timestamp":"2024-10-19T08:25:46.611Z"}}
{"level":"info","message":{"duration":1,"params":"[]","query":"BEGIN","target":"quaint::connector::metrics","timestamp":"2024-10-19T08:25:46.613Z"}}
{"level":"info","message":{"duration":1,"params":"[\"c2895806-72f9-4a6b-ab88-f7f445bfdd3a\",\"fantasy\"]","query":"INSERT INTO `mybookdb`.`genre` (`id`,`name`) VALUES (?,?)","target":"quaint::connector::metrics","timestamp":"2024-10-19T08:25:46.614Z"}}
{"level":"info","message":{"duration":1,"params":"[\"c2895806-72f9-4a6b-ab88-f7f445bfdd3a\",1,0]","query":"SELECT `mybookdb`.`genre`.`id`, `mybookdb`.`genre`.`name` FROM `mybookdb`.`genre` WHERE `mybookdb`.`genre`.`id` = ? LIMIT ? OFFSET ?","target":"quaint::connector::metrics","timestamp":"2024-10-19T08:25:46.615Z"}}
{"level":"info","message":{"duration":1,"params":"[]","query":"COMMIT","target":"quaint::connector::metrics","timestamp":"2024-10-19T08:25:46.617Z"}}
{"level":"info","message":{"duration":0,"params":"[]","query":"BEGIN","target":"quaint::connector::metrics","timestamp":"2024-10-19T08:25:46.618Z"}}
{"level":"info","message":{"duration":1,"params":"[\"f468eb30-29f5-4dd6-a9c5-c584d5e2bfa9\",\"Harry Potter and the Sorcerer's Stone\",\"7c68c482-939a-494b-91bf-1e05aa0fb7f4\",1997,\"2024-10-19 08:25:46.618 UTC\"]","query":"INSERT INTO `mybookdb`.`book` (`id`,`title`,`author_id`,`published_year`,`createdAt`) VALUES (?,?,?,?,?)","target":"quaint::connector::metrics","timestamp":"2024-10-19T08:25:46.620Z"}}
{"level":"info","message":{"duration":1,"params":"[\"f468eb30-29f5-4dd6-a9c5-c584d5e2bfa9\",1,0]","query":"SELECT `mybookdb`.`book`.`id`, `mybookdb`.`book`.`title`, `mybookdb`.`book`.`author_id`, `mybookdb`.`book`.`published_year`, `mybookdb`.`book`.`stock`, `mybookdb`.`book`.`createdAt` FROM `mybookdb`.`book` WHERE `mybookdb`.`book`.`id` = ? LIMIT ? OFFSET ?","target":"quaint::connector::metrics","timestamp":"2024-10-19T08:25:46.621Z"}}
{"level":"info","message":{"duration":1,"params":"[]","query":"COMMIT","target":"quaint::connector::metrics","timestamp":"2024-10-19T08:25:46.622Z"}}
{"level":"info","message":{"duration":0,"params":"[]","query":"BEGIN","target":"quaint::connector::metrics","timestamp":"2024-10-19T08:25:46.624Z"}}
{"level":"info","message":{"duration":0,"params":"[\"f468eb30-29f5-4dd6-a9c5-c584d5e2bfa9\",\"c2895806-72f9-4a6b-ab88-f7f445bfdd3a\"]","query":"INSERT INTO `mybookdb`.`book_genre` (`book_id`,`genre_id`) VALUES (?,?)","target":"quaint::connector::metrics","timestamp":"2024-10-19T08:25:46.625Z"}}
{"level":"info","message":{"duration":2,"params":"[]","query":"COMMIT","target":"quaint::connector::metrics","timestamp":"2024-10-19T08:25:46.627Z"}}
{"level":"info","message":{"duration":5,"params":"[]","query":"SELECT 1","target":"quaint::connector::metrics","timestamp":"2024-10-19T08:28:40.259Z"}}
{"level":"info","message":{"duration":4,"params":"[\"A Game of Thrones\",1,0]","query":"SELECT `mybookdb`.`book`.`id`, `mybookdb`.`book`.`title`, `mybookdb`.`book`.`author_id`, `mybookdb`.`book`.`published_year`, `mybookdb`.`book`.`stock`, `mybookdb`.`book`.`createdAt` FROM `mybookdb`.`book` WHERE `mybookdb`.`book`.`title` = ? LIMIT ? OFFSET ?","target":"quaint::connector::metrics","timestamp":"2024-10-19T08:28:40.264Z"}}
{"level":"info","message":{"duration":1,"params":"[\"George R.R. Martin\",1,0]","query":"SELECT `mybookdb`.`author`.`id`, `mybookdb`.`author`.`name` FROM `mybookdb`.`author` WHERE `mybookdb`.`author`.`name` = ? LIMIT ? OFFSET ?","target":"quaint::connector::metrics","timestamp":"2024-10-19T08:28:40.267Z"}}
{"level":"info","message":{"duration":1,"params":"[]","query":"BEGIN","target":"quaint::connector::metrics","timestamp":"2024-10-19T08:28:40.269Z"}}
{"level":"info","message":{"duration":5,"params":"[\"16264abc-70b8-419e-bc8f-2043c6c6ac6b\",\"George R.R. Martin\"]","query":"INSERT INTO `mybookdb`.`author` (`id`,`name`) VALUES (?,?)","target":"quaint::connector::metrics","timestamp":"2024-10-19T08:28:40.275Z"}}
{"level":"info","message":{"duration":1,"params":"[\"16264abc-70b8-419e-bc8f-2043c6c6ac6b\",1,0]","query":"SELECT `mybookdb`.`author`.`id`, `mybookdb`.`author`.`name` FROM `mybookdb`.`author` WHERE `mybookdb`.`author`.`id` = ? LIMIT ? OFFSET ?","target":"quaint::connector::metrics","timestamp":"2024-10-19T08:28:40.276Z"}}
{"level":"info","message":{"duration":3,"params":"[]","query":"COMMIT","target":"quaint::connector::metrics","timestamp":"2024-10-19T08:28:40.279Z"}}
{"level":"info","message":{"duration":0,"params":"[\"adventure\",1,0]","query":"SELECT `mybookdb`.`genre`.`id`, `mybookdb`.`genre`.`name` FROM `mybookdb`.`genre` WHERE `mybookdb`.`genre`.`name` = ? LIMIT ? OFFSET ?","target":"quaint::connector::metrics","timestamp":"2024-10-19T08:28:40.282Z"}}
{"level":"info","message":{"duration":0,"params":"[]","query":"BEGIN","target":"quaint::connector::metrics","timestamp":"2024-10-19T08:28:40.283Z"}}
{"level":"info","message":{"duration":0,"params":"[\"4ad63199-9f3f-49ac-8877-f3877d2b35f8\",\"adventure\"]","query":"INSERT INTO `mybookdb`.`genre` (`id`,`name`) VALUES (?,?)","target":"quaint::connector::metrics","timestamp":"2024-10-19T08:28:40.284Z"}}
{"level":"info","message":{"duration":0,"params":"[\"4ad63199-9f3f-49ac-8877-f3877d2b35f8\",1,0]","query":"SELECT `mybookdb`.`genre`.`id`, `mybookdb`.`genre`.`name` FROM `mybookdb`.`genre` WHERE `mybookdb`.`genre`.`id` = ? LIMIT ? OFFSET ?","target":"quaint::connector::metrics","timestamp":"2024-10-19T08:28:40.284Z"}}
{"level":"info","message":{"duration":4,"params":"[]","query":"COMMIT","target":"quaint::connector::metrics","timestamp":"2024-10-19T08:28:40.289Z"}}
{"level":"info","message":{"duration":1,"params":"[\"fantasy\",1,0]","query":"SELECT `mybookdb`.`genre`.`id`, `mybookdb`.`genre`.`name` FROM `mybookdb`.`genre` WHERE `mybookdb`.`genre`.`name` = ? LIMIT ? OFFSET ?","target":"quaint::connector::metrics","timestamp":"2024-10-19T08:28:40.290Z"}}
{"level":"info","message":{"duration":0,"params":"[]","query":"BEGIN","target":"quaint::connector::metrics","timestamp":"2024-10-19T08:28:40.292Z"}}
{"level":"info","message":{"duration":1,"params":"[\"82b65d5b-9e66-45af-b06b-c95291a2946f\",\"A Game of Thrones\",\"16264abc-70b8-419e-bc8f-2043c6c6ac6b\",1996,100,\"2024-10-19 08:28:40.291 UTC\"]","query":"INSERT INTO `mybookdb`.`book` (`id`,`title`,`author_id`,`published_year`,`stock`,`createdAt`) VALUES (?,?,?,?,?,?)","target":"quaint::connector::metrics","timestamp":"2024-10-19T08:28:40.293Z"}}
{"level":"info","message":{"duration":1,"params":"[\"82b65d5b-9e66-45af-b06b-c95291a2946f\",1,0]","query":"SELECT `mybookdb`.`book`.`id`, `mybookdb`.`book`.`title`, `mybookdb`.`book`.`author_id`, `mybookdb`.`book`.`published_year`, `mybookdb`.`book`.`stock`, `mybookdb`.`book`.`createdAt` FROM `mybookdb`.`book` WHERE `mybookdb`.`book`.`id` = ? LIMIT ? OFFSET ?","target":"quaint::connector::metrics","timestamp":"2024-10-19T08:28:40.294Z"}}
{"level":"info","message":{"duration":1,"params":"[]","query":"COMMIT","target":"quaint::connector::metrics","timestamp":"2024-10-19T08:28:40.296Z"}}
{"level":"info","message":{"duration":0,"params":"[]","query":"BEGIN","target":"quaint::connector::metrics","timestamp":"2024-10-19T08:28:40.298Z"}}
{"level":"info","message":{"duration":1,"params":"[\"4ad63199-9f3f-49ac-8877-f3877d2b35f8\",\"82b65d5b-9e66-45af-b06b-c95291a2946f\",\"c2895806-72f9-4a6b-ab88-f7f445bfdd3a\",\"82b65d5b-9e66-45af-b06b-c95291a2946f\"]","query":"INSERT INTO `mybookdb`.`book_genre` (`genre_id`,`book_id`) VALUES (?,?), (?,?)","target":"quaint::connector::metrics","timestamp":"2024-10-19T08:28:40.299Z"}}
{"level":"info","message":{"duration":2,"params":"[]","query":"COMMIT","target":"quaint::connector::metrics","timestamp":"2024-10-19T08:28:40.301Z"}}
